<?xml version="1.0" encoding="UTF-8"?>
<testng-results ignored="0" total="9" passed="9" failed="0" skipped="0">
  <reporter-output>
  </reporter-output>
  <suite started-at="2025-05-18T14:16:43 IST" name="Master" finished-at="2025-05-18T14:18:30 IST" duration-ms="106969">
    <groups>
      <group name="regression">
        <method signature="TC002_RegistrationOfNewUserTest.Registration_of_new_user()[pri:0, instance:com.parabank.tests.TC002_RegistrationOfNewUserTest@293a5f75]" name="Registration_of_new_user" class="com.parabank.tests.TC002_RegistrationOfNewUserTest"/>
      </group> <!-- regression -->
      <group name="sanity">
        <method signature="TC001_VerifyLogoTest.Verify_Logo()[pri:0, instance:com.parabank.tests.TC001_VerifyLogoTest@7e7b159b]" name="Verify_Logo" class="com.parabank.tests.TC001_VerifyLogoTest"/>
        <method signature="TC003_UserLoginWithValidCredentialsTest.User_login_with_valid_credentials()[pri:0, instance:com.parabank.tests.TC003_UserLoginWithValidCredentialsTest@fcb4004]" name="User_login_with_valid_credentials" class="com.parabank.tests.TC003_UserLoginWithValidCredentialsTest"/>
      </group> <!-- sanity -->
      <group name="master">
        <method signature="TC001_VerifyLogoTest.Verify_Logo()[pri:0, instance:com.parabank.tests.TC001_VerifyLogoTest@7e7b159b]" name="Verify_Logo" class="com.parabank.tests.TC001_VerifyLogoTest"/>
        <method signature="TC002_RegistrationOfNewUserTest.Registration_of_new_user()[pri:0, instance:com.parabank.tests.TC002_RegistrationOfNewUserTest@293a5f75]" name="Registration_of_new_user" class="com.parabank.tests.TC002_RegistrationOfNewUserTest"/>
        <method signature="TC003_UserLoginWithValidCredentialsTest.User_login_with_valid_credentials()[pri:0, instance:com.parabank.tests.TC003_UserLoginWithValidCredentialsTest@fcb4004]" name="User_login_with_valid_credentials" class="com.parabank.tests.TC003_UserLoginWithValidCredentialsTest"/>
        <method signature="TC004_VerifyLoginFailureWithEmptyUsernameTest.Verify_login_failure_with_empty_username()[pri:0, instance:com.parabank.tests.TC004_VerifyLoginFailureWithEmptyUsernameTest@1dd6d4b7]" name="Verify_login_failure_with_empty_username" class="com.parabank.tests.TC004_VerifyLoginFailureWithEmptyUsernameTest"/>
        <method signature="TC005_VerifyLoginFailureWithIncorrectPasswordTest.Verify_login_failure_with_incorrect_password()[pri:0, instance:com.parabank.tests.TC005_VerifyLoginFailureWithIncorrectPasswordTest@56e8b606]" name="Verify_login_failure_with_incorrect_password" class="com.parabank.tests.TC005_VerifyLoginFailureWithIncorrectPasswordTest"/>
        <method signature="TC006_VerifyAccountBalanceDisplayAfterLoginTest.Verify_account_balance_display_after_login()[pri:0, instance:com.parabank.tests.TC006_VerifyAccountBalanceDisplayAfterLoginTest@2dd29a59]" name="Verify_account_balance_display_after_login" class="com.parabank.tests.TC006_VerifyAccountBalanceDisplayAfterLoginTest"/>
        <method signature="TC007_VerifySuccessfulLogoutTest.Verify_successful_logout()[pri:0, instance:com.parabank.tests.TC007_VerifySuccessfulLogoutTest@784c3487]" name="Verify_successful_logout" class="com.parabank.tests.TC007_VerifySuccessfulLogoutTest"/>
      </group> <!-- master -->
    </groups>
    <test started-at="2025-05-18T14:16:43 IST" name="Master" finished-at="2025-05-18T14:18:30 IST" duration-ms="106969">
      <class name="com.parabank.tests.TC007_VerifySuccessfulLogoutTest">
        <test-method is-config="true" signature="setup(java.lang.String,java.lang.String)[pri:0, instance:com.parabank.tests.TC007_VerifySuccessfulLogoutTest@784c3487]" started-at="2025-05-18T14:18:03 IST" name="setup" finished-at="2025-05-18T14:18:09 IST" duration-ms="6315" status="PASS">
          <params>
            <param index="0">
              <value>
                <![CDATA[windows]]>
              </value>
            </param>
            <param index="1">
              <value>
                <![CDATA[chrome]]>
              </value>
            </param>
          </params>
          <reporter-output>
          </reporter-output>
        </test-method> <!-- setup -->
        <test-method signature="Verify_successful_logout()[pri:0, instance:com.parabank.tests.TC007_VerifySuccessfulLogoutTest@784c3487]" started-at="2025-05-18T14:18:09 IST" name="Verify_successful_logout" finished-at="2025-05-18T14:18:12 IST" duration-ms="3359" status="PASS">
          <reporter-output>
          </reporter-output>
        </test-method> <!-- Verify_successful_logout -->
        <test-method is-config="true" signature="tearDown()[pri:0, instance:com.parabank.tests.TC007_VerifySuccessfulLogoutTest@784c3487]" started-at="2025-05-18T14:18:12 IST" name="tearDown" finished-at="2025-05-18T14:18:13 IST" duration-ms="816" status="PASS">
          <reporter-output>
          </reporter-output>
        </test-method> <!-- tearDown -->
      </class> <!-- com.parabank.tests.TC007_VerifySuccessfulLogoutTest -->
      <class name="com.parabank.tests.TC005_VerifyLoginFailureWithIncorrectPasswordTest">
        <test-method is-config="true" signature="setup(java.lang.String,java.lang.String)[pri:0, instance:com.parabank.tests.TC005_VerifyLoginFailureWithIncorrectPasswordTest@56e8b606]" started-at="2025-05-18T14:17:45 IST" name="setup" finished-at="2025-05-18T14:17:51 IST" duration-ms="5931" status="PASS">
          <params>
            <param index="0">
              <value>
                <![CDATA[windows]]>
              </value>
            </param>
            <param index="1">
              <value>
                <![CDATA[chrome]]>
              </value>
            </param>
          </params>
          <reporter-output>
          </reporter-output>
        </test-method> <!-- setup -->
        <test-method signature="Verify_login_failure_with_incorrect_password()[pri:0, instance:com.parabank.tests.TC005_VerifyLoginFailureWithIncorrectPasswordTest@56e8b606]" started-at="2025-05-18T14:17:51 IST" name="Verify_login_failure_with_incorrect_password" finished-at="2025-05-18T14:17:52 IST" duration-ms="1446" status="PASS">
          <reporter-output>
          </reporter-output>
        </test-method> <!-- Verify_login_failure_with_incorrect_password -->
        <test-method is-config="true" signature="tearDown()[pri:0, instance:com.parabank.tests.TC005_VerifyLoginFailureWithIncorrectPasswordTest@56e8b606]" started-at="2025-05-18T14:17:52 IST" name="tearDown" finished-at="2025-05-18T14:17:53 IST" duration-ms="999" status="PASS">
          <reporter-output>
          </reporter-output>
        </test-method> <!-- tearDown -->
      </class> <!-- com.parabank.tests.TC005_VerifyLoginFailureWithIncorrectPasswordTest -->
      <class name="com.parabank.tests.TC001_VerifyLogoTest">
        <test-method is-config="true" signature="setup(java.lang.String,java.lang.String)[pri:0, instance:com.parabank.tests.TC001_VerifyLogoTest@7e7b159b]" started-at="2025-05-18T14:16:44 IST" name="setup" finished-at="2025-05-18T14:17:11 IST" duration-ms="27783" status="PASS">
          <params>
            <param index="0">
              <value>
                <![CDATA[windows]]>
              </value>
            </param>
            <param index="1">
              <value>
                <![CDATA[chrome]]>
              </value>
            </param>
          </params>
          <reporter-output>
          </reporter-output>
        </test-method> <!-- setup -->
        <test-method signature="Verify_Logo()[pri:0, instance:com.parabank.tests.TC001_VerifyLogoTest@7e7b159b]" started-at="2025-05-18T14:17:11 IST" name="Verify_Logo" finished-at="2025-05-18T14:17:12 IST" duration-ms="921" status="PASS">
          <reporter-output>
          </reporter-output>
        </test-method> <!-- Verify_Logo -->
        <test-method is-config="true" signature="tearDown()[pri:0, instance:com.parabank.tests.TC001_VerifyLogoTest@7e7b159b]" started-at="2025-05-18T14:17:12 IST" name="tearDown" finished-at="2025-05-18T14:17:13 IST" duration-ms="935" status="PASS">
          <reporter-output>
          </reporter-output>
        </test-method> <!-- tearDown -->
      </class> <!-- com.parabank.tests.TC001_VerifyLogoTest -->
      <class name="com.parabank.tests.TC004_VerifyLoginFailureWithEmptyUsernameTest">
        <test-method is-config="true" signature="setup(java.lang.String,java.lang.String)[pri:0, instance:com.parabank.tests.TC004_VerifyLoginFailureWithEmptyUsernameTest@1dd6d4b7]" started-at="2025-05-18T14:17:37 IST" name="setup" finished-at="2025-05-18T14:17:43 IST" duration-ms="6303" status="PASS">
          <params>
            <param index="0">
              <value>
                <![CDATA[windows]]>
              </value>
            </param>
            <param index="1">
              <value>
                <![CDATA[chrome]]>
              </value>
            </param>
          </params>
          <reporter-output>
          </reporter-output>
        </test-method> <!-- setup -->
        <test-method signature="Verify_login_failure_with_empty_username()[pri:0, instance:com.parabank.tests.TC004_VerifyLoginFailureWithEmptyUsernameTest@1dd6d4b7]" started-at="2025-05-18T14:17:43 IST" name="Verify_login_failure_with_empty_username" finished-at="2025-05-18T14:17:44 IST" duration-ms="1137" status="PASS">
          <reporter-output>
          </reporter-output>
        </test-method> <!-- Verify_login_failure_with_empty_username -->
        <test-method is-config="true" signature="tearDown()[pri:0, instance:com.parabank.tests.TC004_VerifyLoginFailureWithEmptyUsernameTest@1dd6d4b7]" started-at="2025-05-18T14:17:44 IST" name="tearDown" finished-at="2025-05-18T14:17:45 IST" duration-ms="864" status="PASS">
          <reporter-output>
          </reporter-output>
        </test-method> <!-- tearDown -->
      </class> <!-- com.parabank.tests.TC004_VerifyLoginFailureWithEmptyUsernameTest -->
      <class name="com.parabank.tests.TC002_RegistrationOfNewUserTest">
        <test-method is-config="true" signature="setup(java.lang.String,java.lang.String)[pri:0, instance:com.parabank.tests.TC002_RegistrationOfNewUserTest@293a5f75]" started-at="2025-05-18T14:17:13 IST" name="setup" finished-at="2025-05-18T14:17:21 IST" duration-ms="8045" status="PASS">
          <params>
            <param index="0">
              <value>
                <![CDATA[windows]]>
              </value>
            </param>
            <param index="1">
              <value>
                <![CDATA[chrome]]>
              </value>
            </param>
          </params>
          <reporter-output>
          </reporter-output>
        </test-method> <!-- setup -->
        <test-method signature="Registration_of_new_user()[pri:0, instance:com.parabank.tests.TC002_RegistrationOfNewUserTest@293a5f75]" started-at="2025-05-18T14:17:21 IST" name="Registration_of_new_user" finished-at="2025-05-18T14:17:26 IST" duration-ms="4209" status="PASS">
          <reporter-output>
          </reporter-output>
        </test-method> <!-- Registration_of_new_user -->
        <test-method is-config="true" signature="tearDown()[pri:0, instance:com.parabank.tests.TC002_RegistrationOfNewUserTest@293a5f75]" started-at="2025-05-18T14:17:26 IST" name="tearDown" finished-at="2025-05-18T14:17:26 IST" duration-ms="812" status="PASS">
          <reporter-output>
          </reporter-output>
        </test-method> <!-- tearDown -->
      </class> <!-- com.parabank.tests.TC002_RegistrationOfNewUserTest -->
      <class name="com.parabank.tests.TC009_VerifyCaseSensitivityInLoginTest">
        <test-method is-config="true" signature="setup(java.lang.String,java.lang.String)[pri:0, instance:com.parabank.tests.TC009_VerifyCaseSensitivityInLoginTest@40dff0b7]" started-at="2025-05-18T14:18:21 IST" name="setup" finished-at="2025-05-18T14:18:27 IST" duration-ms="6399" status="PASS">
          <params>
            <param index="0">
              <value>
                <![CDATA[windows]]>
              </value>
            </param>
            <param index="1">
              <value>
                <![CDATA[chrome]]>
              </value>
            </param>
          </params>
          <reporter-output>
          </reporter-output>
        </test-method> <!-- setup -->
        <test-method signature="VerifyCaseSensitivityInLoginTest()[pri:0, instance:com.parabank.tests.TC009_VerifyCaseSensitivityInLoginTest@40dff0b7]" started-at="2025-05-18T14:18:27 IST" name="VerifyCaseSensitivityInLoginTest" finished-at="2025-05-18T14:18:29 IST" duration-ms="1783" status="PASS">
          <reporter-output>
          </reporter-output>
        </test-method> <!-- VerifyCaseSensitivityInLoginTest -->
        <test-method is-config="true" signature="tearDown()[pri:0, instance:com.parabank.tests.TC009_VerifyCaseSensitivityInLoginTest@40dff0b7]" started-at="2025-05-18T14:18:29 IST" name="tearDown" finished-at="2025-05-18T14:18:30 IST" duration-ms="801" status="PASS">
          <reporter-output>
          </reporter-output>
        </test-method> <!-- tearDown -->
      </class> <!-- com.parabank.tests.TC009_VerifyCaseSensitivityInLoginTest -->
      <class name="com.parabank.tests.TC006_VerifyAccountBalanceDisplayAfterLoginTest">
        <test-method is-config="true" signature="setup(java.lang.String,java.lang.String)[pri:0, instance:com.parabank.tests.TC006_VerifyAccountBalanceDisplayAfterLoginTest@2dd29a59]" started-at="2025-05-18T14:17:53 IST" name="setup" finished-at="2025-05-18T14:18:00 IST" duration-ms="6570" status="PASS">
          <params>
            <param index="0">
              <value>
                <![CDATA[windows]]>
              </value>
            </param>
            <param index="1">
              <value>
                <![CDATA[chrome]]>
              </value>
            </param>
          </params>
          <reporter-output>
          </reporter-output>
        </test-method> <!-- setup -->
        <test-method signature="Verify_account_balance_display_after_login()[pri:0, instance:com.parabank.tests.TC006_VerifyAccountBalanceDisplayAfterLoginTest@2dd29a59]" started-at="2025-05-18T14:18:00 IST" name="Verify_account_balance_display_after_login" finished-at="2025-05-18T14:18:02 IST" duration-ms="2093" status="PASS">
          <reporter-output>
          </reporter-output>
        </test-method> <!-- Verify_account_balance_display_after_login -->
        <test-method is-config="true" signature="tearDown()[pri:0, instance:com.parabank.tests.TC006_VerifyAccountBalanceDisplayAfterLoginTest@2dd29a59]" started-at="2025-05-18T14:18:02 IST" name="tearDown" finished-at="2025-05-18T14:18:03 IST" duration-ms="843" status="PASS">
          <reporter-output>
          </reporter-output>
        </test-method> <!-- tearDown -->
      </class> <!-- com.parabank.tests.TC006_VerifyAccountBalanceDisplayAfterLoginTest -->
      <class name="com.parabank.tests.TC003_UserLoginWithValidCredentialsTest">
        <test-method is-config="true" signature="setup(java.lang.String,java.lang.String)[pri:0, instance:com.parabank.tests.TC003_UserLoginWithValidCredentialsTest@fcb4004]" started-at="2025-05-18T14:17:26 IST" name="setup" finished-at="2025-05-18T14:17:33 IST" duration-ms="6864" status="PASS">
          <params>
            <param index="0">
              <value>
                <![CDATA[windows]]>
              </value>
            </param>
            <param index="1">
              <value>
                <![CDATA[chrome]]>
              </value>
            </param>
          </params>
          <reporter-output>
          </reporter-output>
        </test-method> <!-- setup -->
        <test-method signature="User_login_with_valid_credentials()[pri:0, instance:com.parabank.tests.TC003_UserLoginWithValidCredentialsTest@fcb4004]" started-at="2025-05-18T14:17:33 IST" name="User_login_with_valid_credentials" finished-at="2025-05-18T14:17:36 IST" duration-ms="2423" status="PASS">
          <reporter-output>
          </reporter-output>
        </test-method> <!-- User_login_with_valid_credentials -->
        <test-method is-config="true" signature="tearDown()[pri:0, instance:com.parabank.tests.TC003_UserLoginWithValidCredentialsTest@fcb4004]" started-at="2025-05-18T14:17:36 IST" name="tearDown" finished-at="2025-05-18T14:17:37 IST" duration-ms="911" status="PASS">
          <reporter-output>
          </reporter-output>
        </test-method> <!-- tearDown -->
      </class> <!-- com.parabank.tests.TC003_UserLoginWithValidCredentialsTest -->
      <class name="com.parabank.tests.TC008_VerifyLoginWithBlankFieldsTest">
        <test-method is-config="true" signature="setup(java.lang.String,java.lang.String)[pri:0, instance:com.parabank.tests.TC008_VerifyLoginWithBlankFieldsTest@53142455]" started-at="2025-05-18T14:18:13 IST" name="setup" finished-at="2025-05-18T14:18:19 IST" duration-ms="5654" status="PASS">
          <params>
            <param index="0">
              <value>
                <![CDATA[windows]]>
              </value>
            </param>
            <param index="1">
              <value>
                <![CDATA[chrome]]>
              </value>
            </param>
          </params>
          <reporter-output>
          </reporter-output>
        </test-method> <!-- setup -->
        <test-method signature="VerifyLoginWithBlankFieldsTest()[pri:0, instance:com.parabank.tests.TC008_VerifyLoginWithBlankFieldsTest@53142455]" started-at="2025-05-18T14:18:19 IST" name="VerifyLoginWithBlankFieldsTest" finished-at="2025-05-18T14:18:20 IST" duration-ms="1259" status="PASS">
          <reporter-output>
          </reporter-output>
        </test-method> <!-- VerifyLoginWithBlankFieldsTest -->
        <test-method is-config="true" signature="tearDown()[pri:0, instance:com.parabank.tests.TC008_VerifyLoginWithBlankFieldsTest@53142455]" started-at="2025-05-18T14:18:20 IST" name="tearDown" finished-at="2025-05-18T14:18:21 IST" duration-ms="819" status="PASS">
          <reporter-output>
          </reporter-output>
        </test-method> <!-- tearDown -->
      </class> <!-- com.parabank.tests.TC008_VerifyLoginWithBlankFieldsTest -->
    </test> <!-- Master -->
  </suite> <!-- Master -->
</testng-results>
