<?xml version="1.0" encoding="UTF-8"?>
<testng-results ignored="0" total="9" passed="7" failed="2" skipped="0">
  <reporter-output>
  </reporter-output>
  <suite started-at="2025-06-21T16:12:26 IST" name="Master" finished-at="2025-06-21T16:15:12 IST" duration-ms="165591">
    <groups>
      <group name="regression">
        <method signature="TC002_RegistrationOfNewUserTest.registrationOfNewUser()[pri:0, instance:com.parabank.tests.TC002_RegistrationOfNewUserTest@fcb4004]" name="registrationOfNewUser" class="com.parabank.tests.TC002_RegistrationOfNewUserTest"/>
      </group> <!-- regression -->
      <group name="sanity">
        <method signature="TC001_VerifyLogoTest.verifyLogoIsDisplayed()[pri:0, instance:com.parabank.tests.TC001_VerifyLogoTest@7e5d9a50]" name="verifyLogoIsDisplayed" class="com.parabank.tests.TC001_VerifyLogoTest"/>
        <method signature="TC003_UserLoginWithValidCredentialsTest.userLoginWithValidCredentials()[pri:0, instance:com.parabank.tests.TC003_UserLoginWithValidCredentialsTest@1dd6d4b7]" name="userLoginWithValidCredentials" class="com.parabank.tests.TC003_UserLoginWithValidCredentialsTest"/>
      </group> <!-- sanity -->
      <group name="master">
        <method signature="TC001_VerifyLogoTest.verifyLogoIsDisplayed()[pri:0, instance:com.parabank.tests.TC001_VerifyLogoTest@7e5d9a50]" name="verifyLogoIsDisplayed" class="com.parabank.tests.TC001_VerifyLogoTest"/>
        <method signature="TC002_RegistrationOfNewUserTest.registrationOfNewUser()[pri:0, instance:com.parabank.tests.TC002_RegistrationOfNewUserTest@fcb4004]" name="registrationOfNewUser" class="com.parabank.tests.TC002_RegistrationOfNewUserTest"/>
        <method signature="TC003_UserLoginWithValidCredentialsTest.userLoginWithValidCredentials()[pri:0, instance:com.parabank.tests.TC003_UserLoginWithValidCredentialsTest@1dd6d4b7]" name="userLoginWithValidCredentials" class="com.parabank.tests.TC003_UserLoginWithValidCredentialsTest"/>
        <method signature="TC004_VerifyLoginFailureWithEmptyUsernameTest.verifyLoginFailureWithEmptyUsername()[pri:0, instance:com.parabank.tests.TC004_VerifyLoginFailureWithEmptyUsernameTest@56e8b606]" name="verifyLoginFailureWithEmptyUsername" class="com.parabank.tests.TC004_VerifyLoginFailureWithEmptyUsernameTest"/>
        <method signature="TC005_VerifyLoginFailureWithIncorrectPasswordTest.verifyLoginFailureWithIncorrectPassword()[pri:0, instance:com.parabank.tests.TC005_VerifyLoginFailureWithIncorrectPasswordTest@2dd29a59]" name="verifyLoginFailureWithIncorrectPassword" class="com.parabank.tests.TC005_VerifyLoginFailureWithIncorrectPasswordTest"/>
        <method signature="TC006_VerifyAccountBalanceDisplayAfterLoginTest.verifyAccountBalanceDisplayAfterLogin()[pri:0, instance:com.parabank.tests.TC006_VerifyAccountBalanceDisplayAfterLoginTest@784c3487]" name="verifyAccountBalanceDisplayAfterLogin" class="com.parabank.tests.TC006_VerifyAccountBalanceDisplayAfterLoginTest"/>
        <method signature="TC007_VerifySuccessfulLogoutTest.verifySuccessfulLogout()[pri:0, instance:com.parabank.tests.TC007_VerifySuccessfulLogoutTest@53142455]" name="verifySuccessfulLogout" class="com.parabank.tests.TC007_VerifySuccessfulLogoutTest"/>
        <method signature="TC008_VerifyLoginWithBlankFieldsTest.verifyLoginWithBlankFields()[pri:0, instance:com.parabank.tests.TC008_VerifyLoginWithBlankFieldsTest@40dff0b7]" name="verifyLoginWithBlankFields" class="com.parabank.tests.TC008_VerifyLoginWithBlankFieldsTest"/>
        <method signature="TC009_VerifyCaseSensitivityInLoginTest.verifyCaseSensitivityInLogin()[pri:0, instance:com.parabank.tests.TC009_VerifyCaseSensitivityInLoginTest@7966baa7]" name="verifyCaseSensitivityInLogin" class="com.parabank.tests.TC009_VerifyCaseSensitivityInLoginTest"/>
      </group> <!-- master -->
    </groups>
    <test started-at="2025-06-21T16:12:26 IST" name="Master" finished-at="2025-06-21T16:15:12 IST" duration-ms="165591">
      <class name="com.parabank.tests.TC005_VerifyLoginFailureWithIncorrectPasswordTest">
        <test-method is-config="true" signature="setup(java.lang.String,java.lang.String)[pri:0, instance:com.parabank.tests.TC005_VerifyLoginFailureWithIncorrectPasswordTest@2dd29a59]" started-at="2025-06-21T16:13:35 IST" name="setup" finished-at="2025-06-21T16:13:44 IST" duration-ms="8236" status="PASS">
          <params>
            <param index="0">
              <value>
                <![CDATA[windows]]>
              </value>
            </param>
            <param index="1">
              <value>
                <![CDATA[chrome]]>
              </value>
            </param>
          </params>
          <reporter-output>
          </reporter-output>
        </test-method> <!-- setup -->
        <test-method signature="verifyLoginFailureWithIncorrectPassword()[pri:0, instance:com.parabank.tests.TC005_VerifyLoginFailureWithIncorrectPasswordTest@2dd29a59]" started-at="2025-06-21T16:13:44 IST" name="verifyLoginFailureWithIncorrectPassword" finished-at="2025-06-21T16:13:46 IST" duration-ms="2807" status="FAIL">
          <exception class="java.lang.AssertionError">
            <message>
              <![CDATA[Test Case Failed: Incorrect login message mismatch. Actual:  expected [true] but found [false]]]>
            </message>
            <full-stacktrace>
              <![CDATA[java.lang.AssertionError: Test Case Failed: Incorrect login message mismatch. Actual:  expected [true] but found [false]
at org.testng.Assert.fail(Assert.java:111)
at org.testng.Assert.failNotEquals(Assert.java:1578)
at org.testng.Assert.assertTrue(Assert.java:57)
at com.parabank.tests.TC005_VerifyLoginFailureWithIncorrectPasswordTest.verifyLoginFailureWithIncorrectPassword(TC005_VerifyLoginFailureWithIncorrectPasswordTest.java:52)
at java.base/jdk.internal.reflect.DirectMethodHandleAccessor.invoke(DirectMethodHandleAccessor.java:103)
at java.base/java.lang.reflect.Method.invoke(Method.java:580)
at org.testng.internal.invokers.MethodInvocationHelper.invokeMethod(MethodInvocationHelper.java:141)
at org.testng.internal.invokers.TestInvoker.invokeMethod(TestInvoker.java:686)
at org.testng.internal.invokers.TestInvoker.invokeTestMethod(TestInvoker.java:230)
at org.testng.internal.invokers.MethodRunner.runInSequence(MethodRunner.java:63)
at org.testng.internal.invokers.TestInvoker$MethodInvocationAgent.invoke(TestInvoker.java:992)
at org.testng.internal.invokers.TestInvoker.invokeTestMethods(TestInvoker.java:203)
at org.testng.internal.invokers.TestMethodWorker.invokeTestMethods(TestMethodWorker.java:154)
at org.testng.internal.invokers.TestMethodWorker.run(TestMethodWorker.java:134)
at java.base/java.util.ArrayList.forEach(ArrayList.java:1596)
at org.testng.TestRunner.privateRun(TestRunner.java:739)
at org.testng.TestRunner.run(TestRunner.java:614)
at org.testng.SuiteRunner.runTest(SuiteRunner.java:421)
at org.testng.SuiteRunner.runSequentially(SuiteRunner.java:413)
at org.testng.SuiteRunner.privateRun(SuiteRunner.java:373)
at org.testng.SuiteRunner.run(SuiteRunner.java:312)
at org.testng.SuiteRunnerWorker.runSuite(SuiteRunnerWorker.java:52)
at org.testng.SuiteRunnerWorker.run(SuiteRunnerWorker.java:95)
at org.testng.TestNG.runSuitesSequentially(TestNG.java:1274)
at org.testng.TestNG.runSuitesLocally(TestNG.java:1208)
at org.testng.TestNG.runSuites(TestNG.java:1112)
at org.testng.TestNG.run(TestNG.java:1079)
at org.apache.maven.surefire.testng.TestNGExecutor.run(TestNGExecutor.java:308)
at org.apache.maven.surefire.testng.TestNGXmlTestSuite.execute(TestNGXmlTestSuite.java:71)
at org.apache.maven.surefire.testng.TestNGProvider.invoke(TestNGProvider.java:113)
at org.apache.maven.surefire.booter.ForkedBooter.runSuitesInProcess(ForkedBooter.java:385)
at org.apache.maven.surefire.booter.ForkedBooter.execute(ForkedBooter.java:162)
at org.apache.maven.surefire.booter.ForkedBooter.run(ForkedBooter.java:507)
at org.apache.maven.surefire.booter.ForkedBooter.main(ForkedBooter.java:495)
]]>
            </full-stacktrace>
          </exception> <!-- java.lang.AssertionError -->
          <reporter-output>
          </reporter-output>
        </test-method> <!-- verifyLoginFailureWithIncorrectPassword -->
        <test-method is-config="true" signature="tearDown()[pri:0, instance:com.parabank.tests.TC005_VerifyLoginFailureWithIncorrectPasswordTest@2dd29a59]" started-at="2025-06-21T16:13:47 IST" name="tearDown" finished-at="2025-06-21T16:13:48 IST" duration-ms="935" status="PASS">
          <reporter-output>
          </reporter-output>
        </test-method> <!-- tearDown -->
      </class> <!-- com.parabank.tests.TC005_VerifyLoginFailureWithIncorrectPasswordTest -->
      <class name="com.parabank.tests.TC007_VerifySuccessfulLogoutTest">
        <test-method is-config="true" signature="setup(java.lang.String,java.lang.String)[pri:0, instance:com.parabank.tests.TC007_VerifySuccessfulLogoutTest@53142455]" started-at="2025-06-21T16:14:03 IST" name="setup" finished-at="2025-06-21T16:14:25 IST" duration-ms="22081" status="PASS">
          <params>
            <param index="0">
              <value>
                <![CDATA[windows]]>
              </value>
            </param>
            <param index="1">
              <value>
                <![CDATA[chrome]]>
              </value>
            </param>
          </params>
          <reporter-output>
          </reporter-output>
        </test-method> <!-- setup -->
        <test-method signature="verifySuccessfulLogout()[pri:0, instance:com.parabank.tests.TC007_VerifySuccessfulLogoutTest@53142455]" started-at="2025-06-21T16:14:25 IST" name="verifySuccessfulLogout" finished-at="2025-06-21T16:14:30 IST" duration-ms="4993" status="PASS">
          <reporter-output>
          </reporter-output>
        </test-method> <!-- verifySuccessfulLogout -->
        <test-method is-config="true" signature="tearDown()[pri:0, instance:com.parabank.tests.TC007_VerifySuccessfulLogoutTest@53142455]" started-at="2025-06-21T16:14:30 IST" name="tearDown" finished-at="2025-06-21T16:14:32 IST" duration-ms="2268" status="PASS">
          <reporter-output>
          </reporter-output>
        </test-method> <!-- tearDown -->
      </class> <!-- com.parabank.tests.TC007_VerifySuccessfulLogoutTest -->
      <class name="com.parabank.tests.TC001_VerifyLogoTest">
        <test-method is-config="true" signature="setup(java.lang.String,java.lang.String)[pri:0, instance:com.parabank.tests.TC001_VerifyLogoTest@7e5d9a50]" started-at="2025-06-21T16:12:27 IST" name="setup" finished-at="2025-06-21T16:12:44 IST" duration-ms="17058" status="PASS">
          <params>
            <param index="0">
              <value>
                <![CDATA[windows]]>
              </value>
            </param>
            <param index="1">
              <value>
                <![CDATA[chrome]]>
              </value>
            </param>
          </params>
          <reporter-output>
          </reporter-output>
        </test-method> <!-- setup -->
        <test-method signature="verifyLogoIsDisplayed()[pri:0, instance:com.parabank.tests.TC001_VerifyLogoTest@7e5d9a50]" started-at="2025-06-21T16:12:44 IST" name="verifyLogoIsDisplayed" finished-at="2025-06-21T16:12:44 IST" duration-ms="407" status="PASS">
          <reporter-output>
          </reporter-output>
        </test-method> <!-- verifyLogoIsDisplayed -->
        <test-method is-config="true" signature="tearDown()[pri:0, instance:com.parabank.tests.TC001_VerifyLogoTest@7e5d9a50]" started-at="2025-06-21T16:12:44 IST" name="tearDown" finished-at="2025-06-21T16:12:46 IST" duration-ms="1782" status="PASS">
          <reporter-output>
          </reporter-output>
        </test-method> <!-- tearDown -->
      </class> <!-- com.parabank.tests.TC001_VerifyLogoTest -->
      <class name="com.parabank.tests.TC004_VerifyLoginFailureWithEmptyUsernameTest">
        <test-method is-config="true" signature="setup(java.lang.String,java.lang.String)[pri:0, instance:com.parabank.tests.TC004_VerifyLoginFailureWithEmptyUsernameTest@56e8b606]" started-at="2025-06-21T16:13:23 IST" name="setup" finished-at="2025-06-21T16:13:32 IST" duration-ms="9750" status="PASS">
          <params>
            <param index="0">
              <value>
                <![CDATA[windows]]>
              </value>
            </param>
            <param index="1">
              <value>
                <![CDATA[chrome]]>
              </value>
            </param>
          </params>
          <reporter-output>
          </reporter-output>
        </test-method> <!-- setup -->
        <test-method signature="verifyLoginFailureWithEmptyUsername()[pri:0, instance:com.parabank.tests.TC004_VerifyLoginFailureWithEmptyUsernameTest@56e8b606]" started-at="2025-06-21T16:13:32 IST" name="verifyLoginFailureWithEmptyUsername" finished-at="2025-06-21T16:13:34 IST" duration-ms="1968" status="PASS">
          <reporter-output>
          </reporter-output>
        </test-method> <!-- verifyLoginFailureWithEmptyUsername -->
        <test-method is-config="true" signature="tearDown()[pri:0, instance:com.parabank.tests.TC004_VerifyLoginFailureWithEmptyUsernameTest@56e8b606]" started-at="2025-06-21T16:13:34 IST" name="tearDown" finished-at="2025-06-21T16:13:35 IST" duration-ms="1022" status="PASS">
          <reporter-output>
          </reporter-output>
        </test-method> <!-- tearDown -->
      </class> <!-- com.parabank.tests.TC004_VerifyLoginFailureWithEmptyUsernameTest -->
      <class name="com.parabank.tests.TC002_RegistrationOfNewUserTest">
        <test-method is-config="true" signature="setup(java.lang.String,java.lang.String)[pri:0, instance:com.parabank.tests.TC002_RegistrationOfNewUserTest@fcb4004]" started-at="2025-06-21T16:12:46 IST" name="setup" finished-at="2025-06-21T16:12:58 IST" duration-ms="11829" status="PASS">
          <params>
            <param index="0">
              <value>
                <![CDATA[windows]]>
              </value>
            </param>
            <param index="1">
              <value>
                <![CDATA[chrome]]>
              </value>
            </param>
          </params>
          <reporter-output>
          </reporter-output>
        </test-method> <!-- setup -->
        <test-method signature="registrationOfNewUser()[pri:0, instance:com.parabank.tests.TC002_RegistrationOfNewUserTest@fcb4004]" started-at="2025-06-21T16:12:58 IST" name="registrationOfNewUser" finished-at="2025-06-21T16:13:05 IST" duration-ms="7398" status="PASS">
          <reporter-output>
          </reporter-output>
        </test-method> <!-- registrationOfNewUser -->
        <test-method is-config="true" signature="tearDown()[pri:0, instance:com.parabank.tests.TC002_RegistrationOfNewUserTest@fcb4004]" started-at="2025-06-21T16:13:05 IST" name="tearDown" finished-at="2025-06-21T16:13:07 IST" duration-ms="1527" status="PASS">
          <reporter-output>
          </reporter-output>
        </test-method> <!-- tearDown -->
      </class> <!-- com.parabank.tests.TC002_RegistrationOfNewUserTest -->
      <class name="com.parabank.tests.TC009_VerifyCaseSensitivityInLoginTest">
        <test-method is-config="true" signature="setup(java.lang.String,java.lang.String)[pri:0, instance:com.parabank.tests.TC009_VerifyCaseSensitivityInLoginTest@7966baa7]" started-at="2025-06-21T16:14:46 IST" name="setup" finished-at="2025-06-21T16:14:56 IST" duration-ms="10069" status="PASS">
          <params>
            <param index="0">
              <value>
                <![CDATA[windows]]>
              </value>
            </param>
            <param index="1">
              <value>
                <![CDATA[chrome]]>
              </value>
            </param>
          </params>
          <reporter-output>
          </reporter-output>
        </test-method> <!-- setup -->
        <test-method signature="verifyCaseSensitivityInLogin()[pri:0, instance:com.parabank.tests.TC009_VerifyCaseSensitivityInLoginTest@7966baa7]" started-at="2025-06-21T16:14:56 IST" name="verifyCaseSensitivityInLogin" finished-at="2025-06-21T16:15:10 IST" duration-ms="13663" status="FAIL">
          <exception class="org.openqa.selenium.TimeoutException">
            <message>
              <![CDATA[Expected condition failed: waiting for visibility of [[ChromeDriver: chrome on windows (6a17873e0f06723b4891af41a29125fe)] -> xpath: //p[@class='error']] (tried for 10 second(s) with 500 milliseconds interval)
Build info: version: '4.23.1', revision: '656257d8e9'
System info: os.name: 'Windows 10', os.arch: 'amd64', os.version: '10.0', java.version: '21.0.3'
Driver info: org.openqa.selenium.chrome.ChromeDriver
Capabilities {acceptInsecureCerts: false, browserName: chrome, browserVersion: 137.0.7151.119, chrome: {chromedriverVersion: 137.0.7151.119 (e0ac9d12dff..., userDataDir: C:\Users\omsai\AppData\Loca...}, fedcm:accounts: true, goog:chromeOptions: {debuggerAddress: localhost:59974}, networkConnectionEnabled: false, pageLoadStrategy: normal, platformName: windows, proxy: Proxy(), se:cdp: ws://localhost:59974/devtoo..., se:cdpVersion: 137.0.7151.119, setWindowRect: true, strictFileInteractability: false, timeouts: {implicit: 0, pageLoad: 300000, script: 30000}, unhandledPromptBehavior: dismiss and notify, webauthn:extension:credBlob: true, webauthn:extension:largeBlob: true, webauthn:extension:minPinLength: true, webauthn:extension:prf: true, webauthn:virtualAuthenticators: true}
Session ID: 6a17873e0f06723b4891af41a29125fe]]>
            </message>
            <full-stacktrace>
              <![CDATA[org.openqa.selenium.TimeoutException: Expected condition failed: waiting for visibility of [[ChromeDriver: chrome on windows (6a17873e0f06723b4891af41a29125fe)] -> xpath: //p[@class='error']] (tried for 10 second(s) with 500 milliseconds interval)
Build info: version: '4.23.1', revision: '656257d8e9'
System info: os.name: 'Windows 10', os.arch: 'amd64', os.version: '10.0', java.version: '21.0.3'
Driver info: org.openqa.selenium.chrome.ChromeDriver
Capabilities {acceptInsecureCerts: false, browserName: chrome, browserVersion: 137.0.7151.119, chrome: {chromedriverVersion: 137.0.7151.119 (e0ac9d12dff..., userDataDir: C:\Users\omsai\AppData\Loca...}, fedcm:accounts: true, goog:chromeOptions: {debuggerAddress: localhost:59974}, networkConnectionEnabled: false, pageLoadStrategy: normal, platformName: windows, proxy: Proxy(), se:cdp: ws://localhost:59974/devtoo..., se:cdpVersion: 137.0.7151.119, setWindowRect: true, strictFileInteractability: false, timeouts: {implicit: 0, pageLoad: 300000, script: 30000}, unhandledPromptBehavior: dismiss and notify, webauthn:extension:credBlob: true, webauthn:extension:largeBlob: true, webauthn:extension:minPinLength: true, webauthn:extension:prf: true, webauthn:virtualAuthenticators: true}
Session ID: 6a17873e0f06723b4891af41a29125fe
at org.openqa.selenium.support.ui.WebDriverWait.timeoutException(WebDriverWait.java:84)
at org.openqa.selenium.support.ui.FluentWait.until(FluentWait.java:228)
at com.parabank.tests.BaseClass.waitForElementToBeVisible(BaseClass.java:144)
at com.parabank.tests.TC009_VerifyCaseSensitivityInLoginTest.verifyCaseSensitivityInLogin(TC009_VerifyCaseSensitivityInLoginTest.java:32)
at java.base/jdk.internal.reflect.DirectMethodHandleAccessor.invoke(DirectMethodHandleAccessor.java:103)
at java.base/java.lang.reflect.Method.invoke(Method.java:580)
at org.testng.internal.invokers.MethodInvocationHelper.invokeMethod(MethodInvocationHelper.java:141)
at org.testng.internal.invokers.TestInvoker.invokeMethod(TestInvoker.java:686)
at org.testng.internal.invokers.TestInvoker.invokeTestMethod(TestInvoker.java:230)
at org.testng.internal.invokers.MethodRunner.runInSequence(MethodRunner.java:63)
at org.testng.internal.invokers.TestInvoker$MethodInvocationAgent.invoke(TestInvoker.java:992)
at org.testng.internal.invokers.TestInvoker.invokeTestMethods(TestInvoker.java:203)
at org.testng.internal.invokers.TestMethodWorker.invokeTestMethods(TestMethodWorker.java:154)
at org.testng.internal.invokers.TestMethodWorker.run(TestMethodWorker.java:134)
at java.base/java.util.ArrayList.forEach(ArrayList.java:1596)
at org.testng.TestRunner.privateRun(TestRunner.java:739)
at org.testng.TestRunner.run(TestRunner.java:614)
at org.testng.SuiteRunner.runTest(SuiteRunner.java:421)
at org.testng.SuiteRunner.runSequentially(SuiteRunner.java:413)
at org.testng.SuiteRunner.privateRun(SuiteRunner.java:373)
at org.testng.SuiteRunner.run(SuiteRunner.java:312)
at org.testng.SuiteRunnerWorker.runSuite(SuiteRunnerWorker.java:52)
at org.testng.SuiteRunnerWorker.run(SuiteRunnerWorker.java:95)
at org.testng.TestNG.runSuitesSequentially(TestNG.java:1274)
at org.testng.TestNG.runSuitesLocally(TestNG.java:1208)
at org.testng.TestNG.runSuites(TestNG.java:1112)
at org.testng.TestNG.run(TestNG.java:1079)
at org.apache.maven.surefire.testng.TestNGExecutor.run(TestNGExecutor.java:308)
at org.apache.maven.surefire.testng.TestNGXmlTestSuite.execute(TestNGXmlTestSuite.java:71)
at org.apache.maven.surefire.testng.TestNGProvider.invoke(TestNGProvider.java:113)
at org.apache.maven.surefire.booter.ForkedBooter.runSuitesInProcess(ForkedBooter.java:385)
at org.apache.maven.surefire.booter.ForkedBooter.execute(ForkedBooter.java:162)
at org.apache.maven.surefire.booter.ForkedBooter.run(ForkedBooter.java:507)
at org.apache.maven.surefire.booter.ForkedBooter.main(ForkedBooter.java:495)
]]>
            </full-stacktrace>
          </exception> <!-- org.openqa.selenium.TimeoutException -->
          <reporter-output>
          </reporter-output>
        </test-method> <!-- verifyCaseSensitivityInLogin -->
        <test-method is-config="true" signature="tearDown()[pri:0, instance:com.parabank.tests.TC009_VerifyCaseSensitivityInLoginTest@7966baa7]" started-at="2025-06-21T16:15:10 IST" name="tearDown" finished-at="2025-06-21T16:15:12 IST" duration-ms="1736" status="PASS">
          <reporter-output>
          </reporter-output>
        </test-method> <!-- tearDown -->
      </class> <!-- com.parabank.tests.TC009_VerifyCaseSensitivityInLoginTest -->
      <class name="com.parabank.tests.TC006_VerifyAccountBalanceDisplayAfterLoginTest">
        <test-method is-config="true" signature="setup(java.lang.String,java.lang.String)[pri:0, instance:com.parabank.tests.TC006_VerifyAccountBalanceDisplayAfterLoginTest@784c3487]" started-at="2025-06-21T16:13:48 IST" name="setup" finished-at="2025-06-21T16:13:56 IST" duration-ms="7790" status="PASS">
          <params>
            <param index="0">
              <value>
                <![CDATA[windows]]>
              </value>
            </param>
            <param index="1">
              <value>
                <![CDATA[chrome]]>
              </value>
            </param>
          </params>
          <reporter-output>
          </reporter-output>
        </test-method> <!-- setup -->
        <test-method signature="verifyAccountBalanceDisplayAfterLogin()[pri:0, instance:com.parabank.tests.TC006_VerifyAccountBalanceDisplayAfterLoginTest@784c3487]" started-at="2025-06-21T16:13:56 IST" name="verifyAccountBalanceDisplayAfterLogin" finished-at="2025-06-21T16:13:59 IST" duration-ms="3631" status="PASS">
          <reporter-output>
          </reporter-output>
        </test-method> <!-- verifyAccountBalanceDisplayAfterLogin -->
        <test-method is-config="true" signature="tearDown()[pri:0, instance:com.parabank.tests.TC006_VerifyAccountBalanceDisplayAfterLoginTest@784c3487]" started-at="2025-06-21T16:13:59 IST" name="tearDown" finished-at="2025-06-21T16:14:03 IST" duration-ms="3332" status="PASS">
          <reporter-output>
          </reporter-output>
        </test-method> <!-- tearDown -->
      </class> <!-- com.parabank.tests.TC006_VerifyAccountBalanceDisplayAfterLoginTest -->
      <class name="com.parabank.tests.TC003_UserLoginWithValidCredentialsTest">
        <test-method is-config="true" signature="setup(java.lang.String,java.lang.String)[pri:0, instance:com.parabank.tests.TC003_UserLoginWithValidCredentialsTest@1dd6d4b7]" started-at="2025-06-21T16:13:07 IST" name="setup" finished-at="2025-06-21T16:13:17 IST" duration-ms="10225" status="PASS">
          <params>
            <param index="0">
              <value>
                <![CDATA[windows]]>
              </value>
            </param>
            <param index="1">
              <value>
                <![CDATA[chrome]]>
              </value>
            </param>
          </params>
          <reporter-output>
          </reporter-output>
        </test-method> <!-- setup -->
        <test-method signature="userLoginWithValidCredentials()[pri:0, instance:com.parabank.tests.TC003_UserLoginWithValidCredentialsTest@1dd6d4b7]" started-at="2025-06-21T16:13:17 IST" name="userLoginWithValidCredentials" finished-at="2025-06-21T16:13:20 IST" duration-ms="2884" status="PASS">
          <reporter-output>
          </reporter-output>
        </test-method> <!-- userLoginWithValidCredentials -->
        <test-method is-config="true" signature="tearDown()[pri:0, instance:com.parabank.tests.TC003_UserLoginWithValidCredentialsTest@1dd6d4b7]" started-at="2025-06-21T16:13:20 IST" name="tearDown" finished-at="2025-06-21T16:13:23 IST" duration-ms="2539" status="PASS">
          <reporter-output>
          </reporter-output>
        </test-method> <!-- tearDown -->
      </class> <!-- com.parabank.tests.TC003_UserLoginWithValidCredentialsTest -->
      <class name="com.parabank.tests.TC008_VerifyLoginWithBlankFieldsTest">
        <test-method is-config="true" signature="setup(java.lang.String,java.lang.String)[pri:0, instance:com.parabank.tests.TC008_VerifyLoginWithBlankFieldsTest@40dff0b7]" started-at="2025-06-21T16:14:32 IST" name="setup" finished-at="2025-06-21T16:14:42 IST" duration-ms="9845" status="PASS">
          <params>
            <param index="0">
              <value>
                <![CDATA[windows]]>
              </value>
            </param>
            <param index="1">
              <value>
                <![CDATA[chrome]]>
              </value>
            </param>
          </params>
          <reporter-output>
          </reporter-output>
        </test-method> <!-- setup -->
        <test-method signature="verifyLoginWithBlankFields()[pri:0, instance:com.parabank.tests.TC008_VerifyLoginWithBlankFieldsTest@40dff0b7]" started-at="2025-06-21T16:14:42 IST" name="verifyLoginWithBlankFields" finished-at="2025-06-21T16:14:44 IST" duration-ms="2327" status="PASS">
          <reporter-output>
          </reporter-output>
        </test-method> <!-- verifyLoginWithBlankFields -->
        <test-method is-config="true" signature="tearDown()[pri:0, instance:com.parabank.tests.TC008_VerifyLoginWithBlankFieldsTest@40dff0b7]" started-at="2025-06-21T16:14:44 IST" name="tearDown" finished-at="2025-06-21T16:14:46 IST" duration-ms="1842" status="PASS">
          <reporter-output>
          </reporter-output>
        </test-method> <!-- tearDown -->
      </class> <!-- com.parabank.tests.TC008_VerifyLoginWithBlankFieldsTest -->
    </test> <!-- Master -->
  </suite> <!-- Master -->
</testng-results>
