<?xml version="1.0" encoding="UTF-8"?>
<testng-results ignored="0" total="7" passed="6" failed="1" skipped="0">
  <reporter-output>
  </reporter-output>
  <suite started-at="2024-11-16T19:25:48 IST" name="Master" finished-at="2024-11-16T19:28:16 IST" duration-ms="148426">
    <groups>
      <group name="regression">
        <method signature="TC_002_Registration_of_new_user.Registration_of_new_user()[pri:0, instance:testCases.TC_002_Registration_of_new_user@3a93b025]" name="Registration_of_new_user" class="testCases.TC_002_Registration_of_new_user"/>
      </group> <!-- regression -->
      <group name="sanity">
        <method signature="TC_001_Verify_Logo.Verify_Logo()[pri:0, instance:testCases.TC_001_Verify_Logo@16293aa2]" name="Verify_Logo" class="testCases.TC_001_Verify_Logo"/>
        <method signature="TC_003_User_login_with_valid_credentials.User_login_with_valid_credentials()[pri:0, instance:testCases.TC_003_User_login_with_valid_credentials@35cabb2a]" name="User_login_with_valid_credentials" class="testCases.TC_003_User_login_with_valid_credentials"/>
      </group> <!-- sanity -->
      <group name="master">
        <method signature="TC_001_Verify_Logo.Verify_Logo()[pri:0, instance:testCases.TC_001_Verify_Logo@16293aa2]" name="Verify_Logo" class="testCases.TC_001_Verify_Logo"/>
        <method signature="TC_002_Registration_of_new_user.Registration_of_new_user()[pri:0, instance:testCases.TC_002_Registration_of_new_user@3a93b025]" name="Registration_of_new_user" class="testCases.TC_002_Registration_of_new_user"/>
        <method signature="TC_003_User_login_with_valid_credentials.User_login_with_valid_credentials()[pri:0, instance:testCases.TC_003_User_login_with_valid_credentials@35cabb2a]" name="User_login_with_valid_credentials" class="testCases.TC_003_User_login_with_valid_credentials"/>
        <method signature="TC_004_Verify_login_failure_with_empty_username.Verify_login_failure_with_empty_username()[pri:0, instance:testCases.TC_004_Verify_login_failure_with_empty_username@7e07db1f]" name="Verify_login_failure_with_empty_username" class="testCases.TC_004_Verify_login_failure_with_empty_username"/>
        <method signature="TC_005_Verify_login_failure_with_incorrect_password.Verify_login_failure_with_incorrect_password()[pri:0, instance:testCases.TC_005_Verify_login_failure_with_incorrect_password@1189dd52]" name="Verify_login_failure_with_incorrect_password" class="testCases.TC_005_Verify_login_failure_with_incorrect_password"/>
        <method signature="TC_006_Verify_account_balance_display_after_login.Verify_account_balance_display_after_login()[pri:0, instance:testCases.TC_006_Verify_account_balance_display_after_login@36bc55de]" name="Verify_account_balance_display_after_login" class="testCases.TC_006_Verify_account_balance_display_after_login"/>
        <method signature="TC_007_Verify_successful_logout.Verify_successful_logout()[pri:0, instance:testCases.TC_007_Verify_successful_logout@564fabc8]" name="Verify_successful_logout" class="testCases.TC_007_Verify_successful_logout"/>
      </group> <!-- master -->
    </groups>
    <test started-at="2024-11-16T19:25:48 IST" name="Master" finished-at="2024-11-16T19:28:16 IST" duration-ms="148426">
      <class name="testCases.TC_007_Verify_successful_logout">
        <test-method is-config="true" signature="setup(java.lang.String,java.lang.String)[pri:0, instance:testCases.TC_007_Verify_successful_logout@564fabc8]" started-at="2024-11-16T19:27:55 IST" name="setup" finished-at="2024-11-16T19:28:08 IST" duration-ms="12693" status="PASS">
          <params>
            <param index="0">
              <value>
                <![CDATA[windows]]>
              </value>
            </param>
            <param index="1">
              <value>
                <![CDATA[chrome]]>
              </value>
            </param>
          </params>
          <reporter-output>
          </reporter-output>
        </test-method> <!-- setup -->
        <test-method signature="Verify_successful_logout()[pri:0, instance:testCases.TC_007_Verify_successful_logout@564fabc8]" started-at="2024-11-16T19:28:08 IST" name="Verify_successful_logout" finished-at="2024-11-16T19:28:15 IST" duration-ms="6470" status="PASS">
          <reporter-output>
          </reporter-output>
        </test-method> <!-- Verify_successful_logout -->
        <test-method is-config="true" signature="tearDown()[pri:0, instance:testCases.TC_007_Verify_successful_logout@564fabc8]" started-at="2024-11-16T19:28:15 IST" name="tearDown" finished-at="2024-11-16T19:28:16 IST" duration-ms="1414" status="PASS">
          <reporter-output>
          </reporter-output>
        </test-method> <!-- tearDown -->
      </class> <!-- testCases.TC_007_Verify_successful_logout -->
      <class name="testCases.TC_006_Verify_account_balance_display_after_login">
        <test-method is-config="true" signature="setup(java.lang.String,java.lang.String)[pri:0, instance:testCases.TC_006_Verify_account_balance_display_after_login@36bc55de]" started-at="2024-11-16T19:27:35 IST" name="setup" finished-at="2024-11-16T19:27:48 IST" duration-ms="13496" status="PASS">
          <params>
            <param index="0">
              <value>
                <![CDATA[windows]]>
              </value>
            </param>
            <param index="1">
              <value>
                <![CDATA[chrome]]>
              </value>
            </param>
          </params>
          <reporter-output>
          </reporter-output>
        </test-method> <!-- setup -->
        <test-method signature="Verify_account_balance_display_after_login()[pri:0, instance:testCases.TC_006_Verify_account_balance_display_after_login@36bc55de]" started-at="2024-11-16T19:27:48 IST" name="Verify_account_balance_display_after_login" finished-at="2024-11-16T19:27:53 IST" duration-ms="4723" status="PASS">
          <reporter-output>
          </reporter-output>
        </test-method> <!-- Verify_account_balance_display_after_login -->
        <test-method is-config="true" signature="tearDown()[pri:0, instance:testCases.TC_006_Verify_account_balance_display_after_login@36bc55de]" started-at="2024-11-16T19:27:53 IST" name="tearDown" finished-at="2024-11-16T19:27:55 IST" duration-ms="2253" status="PASS">
          <reporter-output>
          </reporter-output>
        </test-method> <!-- tearDown -->
      </class> <!-- testCases.TC_006_Verify_account_balance_display_after_login -->
      <class name="testCases.TC_002_Registration_of_new_user">
        <test-method is-config="true" signature="setup(java.lang.String,java.lang.String)[pri:0, instance:testCases.TC_002_Registration_of_new_user@3a93b025]" started-at="2024-11-16T19:26:17 IST" name="setup" finished-at="2024-11-16T19:26:33 IST" duration-ms="16138" status="PASS">
          <params>
            <param index="0">
              <value>
                <![CDATA[windows]]>
              </value>
            </param>
            <param index="1">
              <value>
                <![CDATA[chrome]]>
              </value>
            </param>
          </params>
          <reporter-output>
          </reporter-output>
        </test-method> <!-- setup -->
        <test-method signature="Registration_of_new_user()[pri:0, instance:testCases.TC_002_Registration_of_new_user@3a93b025]" started-at="2024-11-16T19:26:33 IST" name="Registration_of_new_user" finished-at="2024-11-16T19:26:44 IST" duration-ms="10453" status="PASS">
          <reporter-output>
          </reporter-output>
        </test-method> <!-- Registration_of_new_user -->
        <test-method is-config="true" signature="tearDown()[pri:0, instance:testCases.TC_002_Registration_of_new_user@3a93b025]" started-at="2024-11-16T19:26:44 IST" name="tearDown" finished-at="2024-11-16T19:26:45 IST" duration-ms="1121" status="PASS">
          <reporter-output>
          </reporter-output>
        </test-method> <!-- tearDown -->
      </class> <!-- testCases.TC_002_Registration_of_new_user -->
      <class name="testCases.TC_005_Verify_login_failure_with_incorrect_password">
        <test-method is-config="true" signature="setup(java.lang.String,java.lang.String)[pri:0, instance:testCases.TC_005_Verify_login_failure_with_incorrect_password@1189dd52]" started-at="2024-11-16T19:27:21 IST" name="setup" finished-at="2024-11-16T19:27:33 IST" duration-ms="12633" status="PASS">
          <params>
            <param index="0">
              <value>
                <![CDATA[windows]]>
              </value>
            </param>
            <param index="1">
              <value>
                <![CDATA[chrome]]>
              </value>
            </param>
          </params>
          <reporter-output>
          </reporter-output>
        </test-method> <!-- setup -->
        <test-method signature="Verify_login_failure_with_incorrect_password()[pri:0, instance:testCases.TC_005_Verify_login_failure_with_incorrect_password@1189dd52]" started-at="2024-11-16T19:27:33 IST" name="Verify_login_failure_with_incorrect_password" finished-at="2024-11-16T19:27:34 IST" duration-ms="530" status="FAIL">
          <exception class="java.lang.IllegalArgumentException">
            <message>
              <![CDATA[Keys to send should be a not null CharSequence]]>
            </message>
            <full-stacktrace>
              <![CDATA[java.lang.IllegalArgumentException: Keys to send should be a not null CharSequence
at org.openqa.selenium.remote.RemoteWebElement.sendKeys(RemoteWebElement.java:96)
at java.base/jdk.internal.reflect.DirectMethodHandleAccessor.invoke(DirectMethodHandleAccessor.java:103)
at java.base/java.lang.reflect.Method.invoke(Method.java:580)
at org.openqa.selenium.support.pagefactory.internal.LocatingElementHandler.invoke(LocatingElementHandler.java:51)
at jdk.proxy2/jdk.proxy2.$Proxy30.sendKeys(Unknown Source)
at pageObjects.HomePage.sendpassword(HomePage.java:85)
at testCases.TC_005_Verify_login_failure_with_incorrect_password.Verify_login_failure_with_incorrect_password(TC_005_Verify_login_failure_with_incorrect_password.java:29)
at java.base/jdk.internal.reflect.DirectMethodHandleAccessor.invoke(DirectMethodHandleAccessor.java:103)
at java.base/java.lang.reflect.Method.invoke(Method.java:580)
at org.testng.internal.MethodInvocationHelper.invokeMethod(MethodInvocationHelper.java:133)
at org.testng.internal.TestInvoker.invokeMethod(TestInvoker.java:598)
at org.testng.internal.TestInvoker.invokeTestMethod(TestInvoker.java:173)
at org.testng.internal.MethodRunner.runInSequence(MethodRunner.java:46)
at org.testng.internal.TestInvoker$MethodInvocationAgent.invoke(TestInvoker.java:824)
at org.testng.internal.TestInvoker.invokeTestMethods(TestInvoker.java:146)
at org.testng.internal.TestMethodWorker.invokeTestMethods(TestMethodWorker.java:146)
at org.testng.internal.TestMethodWorker.run(TestMethodWorker.java:128)
at java.base/java.util.ArrayList.forEach(ArrayList.java:1596)
at org.testng.TestRunner.privateRun(TestRunner.java:794)
at org.testng.TestRunner.run(TestRunner.java:596)
at org.testng.SuiteRunner.runTest(SuiteRunner.java:377)
at org.testng.SuiteRunner.runSequentially(SuiteRunner.java:371)
at org.testng.SuiteRunner.privateRun(SuiteRunner.java:332)
at org.testng.SuiteRunner.run(SuiteRunner.java:276)
at org.testng.SuiteRunnerWorker.runSuite(SuiteRunnerWorker.java:53)
at org.testng.SuiteRunnerWorker.run(SuiteRunnerWorker.java:96)
at org.testng.TestNG.runSuitesSequentially(TestNG.java:1212)
at org.testng.TestNG.runSuitesLocally(TestNG.java:1134)
at org.testng.TestNG.runSuites(TestNG.java:1063)
at org.testng.TestNG.run(TestNG.java:1031)
at org.testng.remote.AbstractRemoteTestNG.run(AbstractRemoteTestNG.java:115)
at org.testng.remote.RemoteTestNG.initAndRun(RemoteTestNG.java:293)
at org.testng.remote.RemoteTestNG.main(RemoteTestNG.java:91)
]]>
            </full-stacktrace>
          </exception> <!-- java.lang.IllegalArgumentException -->
          <reporter-output>
          </reporter-output>
        </test-method> <!-- Verify_login_failure_with_incorrect_password -->
        <test-method is-config="true" signature="tearDown()[pri:0, instance:testCases.TC_005_Verify_login_failure_with_incorrect_password@1189dd52]" started-at="2024-11-16T19:27:34 IST" name="tearDown" finished-at="2024-11-16T19:27:35 IST" duration-ms="926" status="PASS">
          <reporter-output>
          </reporter-output>
        </test-method> <!-- tearDown -->
      </class> <!-- testCases.TC_005_Verify_login_failure_with_incorrect_password -->
      <class name="testCases.TC_003_User_login_with_valid_credentials">
        <test-method is-config="true" signature="setup(java.lang.String,java.lang.String)[pri:0, instance:testCases.TC_003_User_login_with_valid_credentials@35cabb2a]" started-at="2024-11-16T19:26:45 IST" name="setup" finished-at="2024-11-16T19:26:58 IST" duration-ms="13041" status="PASS">
          <params>
            <param index="0">
              <value>
                <![CDATA[windows]]>
              </value>
            </param>
            <param index="1">
              <value>
                <![CDATA[chrome]]>
              </value>
            </param>
          </params>
          <reporter-output>
          </reporter-output>
        </test-method> <!-- setup -->
        <test-method signature="User_login_with_valid_credentials()[pri:0, instance:testCases.TC_003_User_login_with_valid_credentials@35cabb2a]" started-at="2024-11-16T19:26:58 IST" name="User_login_with_valid_credentials" finished-at="2024-11-16T19:27:02 IST" duration-ms="4254" status="PASS">
          <reporter-output>
          </reporter-output>
        </test-method> <!-- User_login_with_valid_credentials -->
        <test-method is-config="true" signature="tearDown()[pri:0, instance:testCases.TC_003_User_login_with_valid_credentials@35cabb2a]" started-at="2024-11-16T19:27:02 IST" name="tearDown" finished-at="2024-11-16T19:27:03 IST" duration-ms="1129" status="PASS">
          <reporter-output>
          </reporter-output>
        </test-method> <!-- tearDown -->
      </class> <!-- testCases.TC_003_User_login_with_valid_credentials -->
      <class name="testCases.TC_001_Verify_Logo">
        <test-method is-config="true" signature="setup(java.lang.String,java.lang.String)[pri:0, instance:testCases.TC_001_Verify_Logo@16293aa2]" started-at="2024-11-16T19:25:49 IST" name="setup" finished-at="2024-11-16T19:26:15 IST" duration-ms="25661" status="PASS">
          <params>
            <param index="0">
              <value>
                <![CDATA[windows]]>
              </value>
            </param>
            <param index="1">
              <value>
                <![CDATA[chrome]]>
              </value>
            </param>
          </params>
          <reporter-output>
          </reporter-output>
        </test-method> <!-- setup -->
        <test-method signature="Verify_Logo()[pri:0, instance:testCases.TC_001_Verify_Logo@16293aa2]" started-at="2024-11-16T19:26:15 IST" name="Verify_Logo" finished-at="2024-11-16T19:26:16 IST" duration-ms="898" status="PASS">
          <reporter-output>
          </reporter-output>
        </test-method> <!-- Verify_Logo -->
        <test-method is-config="true" signature="tearDown()[pri:0, instance:testCases.TC_001_Verify_Logo@16293aa2]" started-at="2024-11-16T19:26:16 IST" name="tearDown" finished-at="2024-11-16T19:26:17 IST" duration-ms="1350" status="PASS">
          <reporter-output>
          </reporter-output>
        </test-method> <!-- tearDown -->
      </class> <!-- testCases.TC_001_Verify_Logo -->
      <class name="testCases.TC_004_Verify_login_failure_with_empty_username">
        <test-method is-config="true" signature="setup(java.lang.String,java.lang.String)[pri:0, instance:testCases.TC_004_Verify_login_failure_with_empty_username@7e07db1f]" started-at="2024-11-16T19:27:03 IST" name="setup" finished-at="2024-11-16T19:27:16 IST" duration-ms="12951" status="PASS">
          <params>
            <param index="0">
              <value>
                <![CDATA[windows]]>
              </value>
            </param>
            <param index="1">
              <value>
                <![CDATA[chrome]]>
              </value>
            </param>
          </params>
          <reporter-output>
          </reporter-output>
        </test-method> <!-- setup -->
        <test-method signature="Verify_login_failure_with_empty_username()[pri:0, instance:testCases.TC_004_Verify_login_failure_with_empty_username@7e07db1f]" started-at="2024-11-16T19:27:16 IST" name="Verify_login_failure_with_empty_username" finished-at="2024-11-16T19:27:20 IST" duration-ms="3420" status="PASS">
          <reporter-output>
          </reporter-output>
        </test-method> <!-- Verify_login_failure_with_empty_username -->
        <test-method is-config="true" signature="tearDown()[pri:0, instance:testCases.TC_004_Verify_login_failure_with_empty_username@7e07db1f]" started-at="2024-11-16T19:27:20 IST" name="tearDown" finished-at="2024-11-16T19:27:21 IST" duration-ms="1062" status="PASS">
          <reporter-output>
          </reporter-output>
        </test-method> <!-- tearDown -->
      </class> <!-- testCases.TC_004_Verify_login_failure_with_empty_username -->
    </test> <!-- Master -->
  </suite> <!-- Master -->
</testng-results>
