<?xml version="1.0" encoding="UTF-8"?>
<!-- Generated by org.testng.reporters.JUnitXMLReporter -->
<testsuite ignored="0" hostname="DESKTOP-IP7TE20" failures="0" tests="7" name="Master" time="134.761" errors="0" timestamp="2025-05-05T19:22:29 IST">
  <testcase classname="com.parabank.tests.TC001_VerifyLogoTest" name="Verify_Logo" time="0.888"/>
  <testcase classname="com.parabank.tests.TC002_RegistrationOfNewUserTest" name="Registration_of_new_user" time="8.284"/>
  <testcase classname="com.parabank.tests.TC003_UserLoginWithValidCredentialsTest" name="User_login_with_valid_credentials" time="2.643"/>
  <testcase classname="com.parabank.tests.TC004_VerifyLoginFailureWithEmptyUsernameTest" name="Verify_login_failure_with_empty_username" time="2.186"/>
  <testcase classname="com.parabank.tests.TC005_VerifyLoginFailureWithIncorrectPasswordTest" name="Verify_login_failure_with_incorrect_password" time="3.222"/>
  <testcase classname="com.parabank.tests.TC006_VerifyAccountBalanceDisplayAfterLoginTest" name="Verify_account_balance_display_after_login" time="5.882"/>
  <testcase classname="com.parabank.tests.TC007_VerifySuccessfulLogoutTest" name="Verify_successful_logout" time="3.194"/>
</testsuite> <!-- Master -->
