<?xml version="1.0" encoding="UTF-8"?>
<!-- Generated by org.testng.reporters.JUnitXMLReporter -->
<testsuite ignored="0" hostname="DESKTOP-IP7TE20" failures="0" tests="9" name="Master" time="106.969" errors="0" timestamp="2025-05-18T14:18:31 IST">
  <testcase classname="com.parabank.tests.TC001_VerifyLogoTest" name="Verify_Logo" time="0.921"/>
  <testcase classname="com.parabank.tests.TC002_RegistrationOfNewUserTest" name="Registration_of_new_user" time="4.209"/>
  <testcase classname="com.parabank.tests.TC003_UserLoginWithValidCredentialsTest" name="User_login_with_valid_credentials" time="2.423"/>
  <testcase classname="com.parabank.tests.TC004_VerifyLoginFailureWithEmptyUsernameTest" name="Verify_login_failure_with_empty_username" time="1.137"/>
  <testcase classname="com.parabank.tests.TC005_VerifyLoginFailureWithIncorrectPasswordTest" name="Verify_login_failure_with_incorrect_password" time="1.446"/>
  <testcase classname="com.parabank.tests.TC006_VerifyAccountBalanceDisplayAfterLoginTest" name="Verify_account_balance_display_after_login" time="2.093"/>
  <testcase classname="com.parabank.tests.TC007_VerifySuccessfulLogoutTest" name="Verify_successful_logout" time="3.359"/>
  <testcase classname="com.parabank.tests.TC008_VerifyLoginWithBlankFieldsTest" name="VerifyLoginWithBlankFieldsTest" time="1.259"/>
  <testcase classname="com.parabank.tests.TC009_VerifyCaseSensitivityInLoginTest" name="VerifyCaseSensitivityInLoginTest" time="1.783"/>
</testsuite> <!-- Master -->
