<?xml version="1.0" encoding="UTF-8"?>
<!-- Generated by org.testng.reporters.JUnitXMLReporter -->
<testsuite ignored="0" hostname="DESKTOP-IP7TE20" failures="0" tests="6" name="Master" time="93.896" errors="0" timestamp="2024-11-17T15:51:40 IST">
  <testcase classname="testCases.TC_001_Verify_Logo" name="Verify_Logo" time="0.244"/>
  <testcase classname="testCases.TC_002_Registration_of_new_user" name="Registration_of_new_user" time="7.288"/>
  <testcase classname="testCases.TC_003_User_login_with_valid_credentials" name="User_login_with_valid_credentials" time="3.859"/>
  <testcase classname="testCases.TC_004_Verify_login_failure_with_empty_username" name="Verify_login_failure_with_empty_username" time="2.486"/>
  <testcase classname="testCases.TC_006_Verify_account_balance_display_after_login" name="Verify_account_balance_display_after_login" time="4.031"/>
  <testcase classname="testCases.TC_007_Verify_successful_logout" name="Verify_successful_logout" time="4.734"/>
</testsuite> <!-- Master -->
